[0704/000642.700:ERROR:process_info.cc(359)] UncheckedAllocate
[0704/000642.700:ERROR:process_info.cc(359)] UncheckedAllocate
[0704/001933.415:ERROR:process_info.cc(359)] UncheckedAllocate
[0704/015553.936:ERROR:process_info.cc(359)] UncheckedAllocate
[0704/030417.958:ERROR:process_info.cc(359)] UncheckedAllocate
[0712/191145.033:ERROR:process_info.cc(359)] UncheckedAllocate
[0712/192134.699:ERROR:process_info.cc(359)] UncheckedAllocate
[0712/193228.123:ERROR:process_info.cc(359)] UncheckedAllocate
[0712/194214.645:ERROR:process_info.cc(359)] UncheckedAllocate
[0712/194215.418:ERROR:process_info.cc(359)] UncheckedAllocate
[0712/194216.323:ERROR:process_info.cc(329)] VirtualQueryEx: Access is denied. (0x5)
[0712/194216.323:ERROR:process_info.cc(550)] ReadMemoryInfo failed
[0712/194216.340:ERROR:process_reader_win.cc(242)] ReadMemory at 0x7ffc60243228 of 12 bytes failed: Only part of a ReadProcessMemory or WriteProcessMemory request was completed. (0x12B)
[0712/194216.340:WARNING:process_snapshot_win.cc(69)] ReadMemory ExceptionInformation failed
[0712/194216.340:ERROR:scoped_process_suspend.cc(40)] NtResumeProcess: An attempt was made to access an exiting process. (0xc000010a)
[0712/194218.012:ERROR:process_info.cc(359)] UncheckedAllocate
[0712/230615.405:ERROR:process_info.cc(359)] UncheckedAllocate
[0712/235408.436:ERROR:process_info.cc(359)] UncheckedAllocate
[0713/000133.283:ERROR:process_info.cc(359)] UncheckedAllocate
[0713/111305.632:ERROR:scoped_process_suspend.cc(40)] NtResumeProcess: An attempt was made to access an exiting process. (0xc000010a)
[0713/111305.647:ERROR:scoped_process_suspend.cc(40)] NtResumeProcess: An attempt was made to access an exiting process. (0xc000010a)
[0713/111305.647:ERROR:scoped_process_suspend.cc(40)] NtResumeProcess: An attempt was made to access an exiting process. (0xc000010a)
[0713/111309.085:ERROR:prune_crash_reports.cc(57)] Database Pruning: Failed to remove report f86aea11-d5bb-46d1-9dd0-a8fb828b4a8b
[0713/111309.163:ERROR:prune_crash_reports.cc(57)] Database Pruning: Failed to remove report c6f08e82-7d68-4f30-985d-6c498d43bfc5
[0713/111309.163:ERROR:prune_crash_reports.cc(57)] Database Pruning: Failed to remove report 5f313949-01a0-4625-a06c-99052b375197
[0713/111309.241:ERROR:prune_crash_reports.cc(57)] Database Pruning: Failed to remove report 389215cd-fb3a-4788-baf2-35e0f7467d20
[0713/111309.241:ERROR:prune_crash_reports.cc(57)] Database Pruning: Failed to remove report fc68f545-6fff-43b3-9e4a-d64e0371be63
[0716/132705.236:ERROR:process_info.cc(359)] UncheckedAllocate
[0716/134237.760:ERROR:process_info.cc(359)] UncheckedAllocate
[0716/134247.629:ERROR:process_info.cc(359)] UncheckedAllocate
[0716/134330.843:ERROR:process_info.cc(359)] UncheckedAllocate
[0716/134643.375:ERROR:process_info.cc(359)] UncheckedAllocate
[0716/140043.184:ERROR:process_info.cc(359)] UncheckedAllocate
[0716/142133.816:ERROR:process_info.cc(359)] UncheckedAllocate
[0716/143234.138:ERROR:process_info.cc(359)] UncheckedAllocate
[0716/143234.139:ERROR:process_info.cc(359)] UncheckedAllocate
[0716/235139.192:ERROR:process_info.cc(359)] UncheckedAllocate
[0717/010722.240:ERROR:process_info.cc(359)] UncheckedAllocate
[0717/011101.053:ERROR:process_info.cc(359)] UncheckedAllocate
[0717/031632.397:ERROR:process_info.cc(359)] UncheckedAllocate
[0717/032123.826:ERROR:process_info.cc(359)] UncheckedAllocate
[0717/032402.434:ERROR:process_info.cc(359)] UncheckedAllocate
[0717/032733.871:ERROR:process_info.cc(359)] UncheckedAllocate
[0717/032739.234:ERROR:process_info.cc(359)] UncheckedAllocate
[0717/032813.582:ERROR:process_info.cc(359)] UncheckedAllocate
[0717/032818.186:ERROR:process_info.cc(359)] UncheckedAllocate
